[2023-02-26T16:51:56.020] [WARN] prod - Route: /favicon.ico 404 Not Found Method: GET 
[2023-02-26T16:51:59.533] [WARN] prod - Route: /favicon.ico 404 Not Found Method: GET 
[2023-02-26T17:12:44.363] [WARN] prod - Route: /favicon.ico 404 Not Found Method: GET 
[2023-02-26T17:12:45.710] [WARN] prod - Route: /favicon.ico 404 Not Found Method: GET 
[2023-02-26T17:14:13.667] [WARN] prod - Route: /favicon.ico 404 Not Found Method: GET 
[2023-02-26T17:14:17.093] [WARN] prod - Route: /favicon.ico 404 Not Found Method: GET 
[2023-02-26T17:14:19.291] [WARN] prod - Route: /favicon.ico 404 Not Found Method: GET 
[2023-02-26T17:14:20.997] [WARN] prod - Route: /favicon.ico 404 Not Found Method: GET 
[2023-02-26T17:14:23.872] [WARN] prod - Route: /favicon.ico 404 Not Found Method: GET 
[2023-02-26T17:14:32.873] [WARN] prod - Route: /favicon.ico 404 Not Found Method: GET 
[2023-02-26T17:14:43.769] [WARN] prod - Route: /favicon.ico 404 Not Found Method: GET 
[2023-02-26T17:24:16.582] [WARN] prod - Route: /favicon.ico 404 Not Found Method: GET 
[2023-02-26T17:24:21.617] [WARN] prod - Route: /favicon.ico 404 Not Found Method: GET 
[2023-02-26T17:28:43.964] [WARN] prod - Route: /favicon.ico 404 Not Found Method: GET 
[2023-02-26T17:35:16.272] [WARN] prod - Route: /favicon.ico 404 Not Found Method: GET 
[2023-02-26T17:35:19.647] [WARN] prod - Route: /favicon.ico 404 Not Found Method: GET 
[2023-02-26T17:35:33.828] [WARN] prod - Route: /favicon.ico 404 Not Found Method: GET 
[2023-02-26T17:38:58.926] [WARN] prod - Route: /favicon.ico 404 Not Found Method: GET 
[2023-02-26T17:41:29.793] [WARN] prod - Route: /favicon.ico 404 Not Found Method: GET 
[2023-02-26T17:44:25.585] [WARN] prod - Route: /favicon.ico 404 Not Found Method: GET 
[2023-02-26T17:45:29.250] [WARN] prod - Route: /favicon.ico 404 Not Found Method: GET 
[2023-02-26T18:09:25.709] [WARN] prod - Route: /favicon.ico 404 Not Found Method: GET 
[2023-02-26T18:09:27.435] [WARN] prod - Route: /favicon.ico 404 Not Found Method: GET 
[2023-02-26T18:18:00.888] [WARN] prod - Route: /favicon.ico 404 Not Found Method: GET 
[2023-02-26T18:18:02.150] [WARN] prod - Route: /favicon.ico 404 Not Found Method: GET 
[2023-02-26T18:20:58.399] [WARN] prod - Route: /favicon.ico 404 Not Found Method: GET 
[2023-02-26T18:21:01.640] [WARN] prod - Route: /favicon.ico 404 Not Found Method: GET 
[2023-02-26T18:21:45.845] [WARN] prod - Route: /favicon.ico 404 Not Found Method: GET 
[2023-02-26T18:21:47.397] [WARN] prod - Route: /favicon.ico 404 Not Found Method: GET 
[2023-02-26T18:22:46.126] [WARN] prod - Route: /favicon.ico 404 Not Found Method: GET 
[2023-02-26T18:22:47.282] [WARN] prod - Route: /favicon.ico 404 Not Found Method: GET 
[2023-02-26T18:23:16.190] [WARN] prod - Route: /favicon.ico 404 Not Found Method: GET 
[2023-02-26T18:23:17.233] [WARN] prod - Route: /favicon.ico 404 Not Found Method: GET 
[2023-02-26T18:23:42.709] [WARN] prod - Route: /favicon.ico 404 Not Found Method: GET 
[2023-02-26T18:23:45.533] [WARN] prod - Route: /favicon.ico 404 Not Found Method: GET 
[2023-02-26T18:39:45.055] [WARN] prod - Route: /favicon.ico 404 Not Found Method: GET 
[2023-02-26T18:39:50.695] [WARN] prod - Route: /favicon.ico 404 Not Found Method: GET 
[2023-02-26T18:39:52.116] [WARN] prod - Route: /favicon.ico 404 Not Found Method: GET 
[2023-02-26T18:57:32.024] [WARN] prod - Route: /favicon.ico 404 Not Found Method: GET 
[2023-02-26T18:57:43.386] [WARN] prod - Route: /favicon.ico 404 Not Found Method: GET 
[2023-02-26T18:57:46.495] [WARN] prod - Route: /favicon.ico 404 Not Found Method: GET 
[2023-02-26T18:58:47.031] [WARN] prod - Route: /favicon.ico 404 Not Found Method: GET 
[2023-02-26T18:58:53.025] [WARN] prod - Route: /favicon.ico 404 Not Found Method: GET 
[2023-02-26T18:58:57.999] [WARN] prod - Route: /favicon.ico 404 Not Found Method: GET 
[2023-02-26T18:59:20.445] [WARN] prod - Route: /favicon.ico 404 Not Found Method: GET 
[2023-02-26T18:59:27.274] [WARN] prod - Route: /favicon.ico 404 Not Found Method: GET 
[2023-02-26T22:36:26.470] [WARN] prod - Route: /favicon.ico 404 Not Found Method: GET 
[2023-02-26T22:36:27.909] [WARN] prod - Route: /favicon.ico 404 Not Found Method: GET 
[2023-02-26T22:40:10.017] [WARN] prod - Route: /favicon.ico 404 Not Found Method: GET 
[2023-02-26T22:40:11.030] [WARN] prod - Route: /favicon.ico 404 Not Found Method: GET 
[2023-02-26T22:44:00.728] [WARN] prod - Route: /favicon.ico 404 Not Found Method: GET 
[2023-02-26T22:44:02.440] [WARN] prod - Route: /favicon.ico 404 Not Found Method: GET 
[2023-02-26T22:47:15.571] [WARN] prod - Route: /favicon.ico 404 Not Found Method: GET 
[2023-02-26T22:47:18.039] [WARN] prod - Route: /favicon.ico 404 Not Found Method: GET 
[2023-02-26T22:53:49.039] [WARN] prod - Route: /favicon.ico 404 Not Found Method: GET 
[2023-02-26T22:53:50.673] [WARN] prod - Route: /favicon.ico 404 Not Found Method: GET 
[2023-02-26T22:54:10.644] [WARN] prod - Route: /favicon.ico 404 Not Found Method: GET 
[2023-02-26T22:55:44.504] [WARN] prod - Route: /favicon.ico 404 Not Found Method: GET 
[2023-02-26T22:59:44.980] [WARN] prod - Route: /favicon.ico 404 Not Found Method: GET 
[2023-02-26T23:02:31.375] [WARN] prod - Route: /favicon.ico 404 Not Found Method: GET 
[2023-02-26T23:03:03.055] [WARN] prod - Route: /favicon.ico 404 Not Found Method: GET 
[2023-02-26T23:03:24.152] [ERROR] prod - no se pudo traer productos del carrito
[2023-02-26T23:04:22.749] [WARN] prod - Route: /favicon.ico 404 Not Found Method: GET 
[2023-02-26T23:04:48.094] [WARN] prod - Route: /favicon.ico 404 Not Found Method: GET 
[2023-02-26T23:04:52.333] [WARN] prod - Route: /favicon.ico 404 Not Found Method: GET 
[2023-02-26T23:11:45.620] [WARN] prod - Route: /favicon.ico 404 Not Found Method: GET 
[2023-02-26T23:16:37.321] [WARN] prod - Route: /favicon.ico 404 Not Found Method: GET 
[2023-02-26T23:16:40.954] [WARN] prod - Route: /favicon.ico 404 Not Found Method: GET 
[2023-02-26T23:57:43.394] [WARN] prod - Route: /favicon.ico 404 Not Found Method: GET 
[2023-02-26T23:57:46.632] [WARN] prod - Route: /favicon.ico 404 Not Found Method: GET 
[2023-02-26T23:57:50.906] [ERROR] prod - no se pudo traer productos del carrito
[2023-02-26T23:59:45.437] [WARN] prod - Route: /favicon.ico 404 Not Found Method: GET 
[2023-02-26T23:59:50.289] [WARN] prod - Route: /favicon.ico 404 Not Found Method: GET 
[2023-02-26T23:59:55.230] [ERROR] prod - no se pudo traer productos del carrito
[2023-02-27T00:01:23.191] [WARN] prod - Route: /favicon.ico 404 Not Found Method: GET 
[2023-02-27T00:01:24.235] [ERROR] prod - no se pudo traer productos del carrito
[2023-02-27T00:01:46.340] [WARN] prod - Route: /favicon.ico 404 Not Found Method: GET 
[2023-02-27T00:01:46.494] [WARN] prod - Route: /favicon.ico 404 Not Found Method: GET 
[2023-02-27T00:02:48.044] [WARN] prod - Route: /favicon.ico 404 Not Found Method: GET 
[2023-02-27T00:02:49.600] [WARN] prod - Route: /favicon.ico 404 Not Found Method: GET 
[2023-02-27T00:04:28.076] [WARN] prod - Route: /favicon.ico 404 Not Found Method: GET 
[2023-02-27T00:06:27.068] [WARN] prod - Route: /favicon.ico 404 Not Found Method: GET 
[2023-02-27T00:07:00.239] [WARN] prod - Route: /favicon.ico 404 Not Found Method: GET 
[2023-02-27T00:07:01.680] [WARN] prod - Route: /favicon.ico 404 Not Found Method: GET 
[2023-02-27T00:07:26.455] [WARN] prod - Route: /favicon.ico 404 Not Found Method: GET 
[2023-02-27T00:07:27.660] [WARN] prod - Route: /favicon.ico 404 Not Found Method: GET 
[2023-02-27T00:08:07.291] [WARN] prod - Route: /favicon.ico 404 Not Found Method: GET 
[2023-02-27T00:08:08.081] [WARN] prod - Route: /favicon.ico 404 Not Found Method: GET 
[2023-02-27T00:08:11.606] [WARN] prod - Route: /favicon.ico 404 Not Found Method: GET 
[2023-02-27T00:08:12.912] [WARN] prod - Route: /favicon.ico 404 Not Found Method: GET 
[2023-02-27T00:08:55.381] [WARN] prod - Route: /favicon.ico 404 Not Found Method: GET 
[2023-02-27T00:08:56.480] [WARN] prod - Route: /favicon.ico 404 Not Found Method: GET 
[2023-02-27T00:09:51.823] [WARN] prod - Route: /favicon.ico 404 Not Found Method: GET 
[2023-02-27T00:09:53.043] [WARN] prod - Route: /favicon.ico 404 Not Found Method: GET 
[2023-02-27T00:10:11.351] [WARN] prod - Route: /favicon.ico 404 Not Found Method: GET 
[2023-02-27T00:10:56.021] [WARN] prod - Route: /favicon.ico 404 Not Found Method: GET 
[2023-02-27T00:13:06.540] [WARN] prod - Route: /favicon.ico 404 Not Found Method: GET 
[2023-02-27T00:14:08.550] [WARN] prod - Route: /favicon.ico 404 Not Found Method: GET 
[2023-02-27T00:18:21.482] [WARN] prod - Route: /favicon.ico 404 Not Found Method: GET 
[2023-02-27T00:18:26.550] [WARN] prod - Route: /favicon.ico 404 Not Found Method: GET 
[2023-02-27T00:18:27.654] [WARN] prod - Route: /favicon.ico 404 Not Found Method: GET 
[2023-02-27T00:42:04.545] [WARN] prod - Route: /favicon.ico 404 Not Found Method: GET 
[2023-02-27T00:42:08.355] [WARN] prod - Route: /favicon.ico 404 Not Found Method: GET 
[2023-02-27T00:43:11.001] [WARN] prod - Route: /favicon.ico 404 Not Found Method: GET 
[2023-02-27T00:43:28.692] [WARN] prod - Route: /favicon.ico 404 Not Found Method: GET 
[2023-02-27T00:46:17.672] [WARN] prod - Route: /favicon.ico 404 Not Found Method: GET 
[2023-02-27T00:46:22.783] [WARN] prod - Route: /favicon.ico 404 Not Found Method: GET 
[2023-02-27T00:46:41.091] [WARN] prod - Route: /favicon.ico 404 Not Found Method: GET 
[2023-02-27T00:47:39.206] [WARN] prod - Route: /favicon.ico 404 Not Found Method: GET 
[2023-02-27T00:48:05.774] [WARN] prod - Route: /favicon.ico 404 Not Found Method: GET 
[2023-02-27T00:48:16.067] [WARN] prod - Route: /favicon.ico 404 Not Found Method: GET 
[2023-02-27T00:48:41.956] [WARN] prod - Route: /favicon.ico 404 Not Found Method: GET 
[2023-02-27T00:50:47.628] [WARN] prod - Route: /favicon.ico 404 Not Found Method: GET 
[2023-02-27T00:50:49.196] [WARN] prod - Route: /favicon.ico 404 Not Found Method: GET 
[2023-02-27T00:50:54.856] [WARN] prod - Route: /favicon.ico 404 Not Found Method: GET 
[2023-02-27T00:51:10.213] [WARN] prod - Route: /favicon.ico 404 Not Found Method: GET 
[2023-02-27T00:52:02.701] [WARN] prod - Route: /favicon.ico 404 Not Found Method: GET 
[2023-02-27T00:55:58.222] [WARN] prod - Route: /favicon.ico 404 Not Found Method: GET 
[2023-02-27T00:55:59.529] [WARN] prod - Route: /favicon.ico 404 Not Found Method: GET 
[2023-02-27T00:56:03.077] [WARN] prod - Route: /favicon.ico 404 Not Found Method: GET 
[2023-02-27T00:56:04.306] [WARN] prod - Route: /favicon.ico 404 Not Found Method: GET 
[2023-02-27T18:13:11.219] [WARN] prod - Route: /favicon.ico 404 Not Found Method: GET 
[2023-02-27T18:13:18.629] [WARN] prod - Route: /favicon.ico 404 Not Found Method: GET 
[2023-02-27T18:13:44.233] [WARN] prod - Route: /favicon.ico 404 Not Found Method: GET 
[2023-02-27T18:13:46.047] [WARN] prod - Route: /favicon.ico 404 Not Found Method: GET 
[2023-02-27T18:13:58.656] [WARN] prod - Route: /favicon.ico 404 Not Found Method: GET 
[2023-02-27T18:14:21.637] [WARN] prod - Route: /favicon.ico 404 Not Found Method: GET 
[2023-02-27T18:14:43.173] [WARN] prod - Route: /favicon.ico 404 Not Found Method: GET 
[2023-02-27T18:14:44.447] [WARN] prod - Route: /favicon.ico 404 Not Found Method: GET 
[2023-02-27T18:15:34.185] [WARN] prod - Route: /favicon.ico 404 Not Found Method: GET 
[2023-02-27T18:16:03.469] [WARN] prod - Route: /favicon.ico 404 Not Found Method: GET 
[2023-02-27T18:16:22.047] [WARN] prod - Route: /favicon.ico 404 Not Found Method: GET 
[2023-02-27T18:16:24.047] [WARN] prod - Route: /favicon.ico 404 Not Found Method: GET 
[2023-02-27T18:16:56.413] [WARN] prod - Route: /favicon.ico 404 Not Found Method: GET 
[2023-02-27T18:17:01.536] [WARN] prod - Route: /favicon.ico 404 Not Found Method: GET 
[2023-02-27T18:17:04.815] [WARN] prod - Route: /favicon.ico 404 Not Found Method: GET 
[2023-02-27T18:17:05.756] [WARN] prod - Route: /favicon.ico 404 Not Found Method: GET 
[2023-02-27T18:17:55.968] [WARN] prod - Route: /favicon.ico 404 Not Found Method: GET 
[2023-02-27T18:18:19.139] [WARN] prod - Route: /favicon.ico 404 Not Found Method: GET 
[2023-02-27T18:18:52.852] [WARN] prod - Route: /favicon.ico 404 Not Found Method: GET 
[2023-02-27T18:19:05.718] [WARN] prod - Route: /favicon.ico 404 Not Found Method: GET 
[2023-02-27T18:19:06.546] [WARN] prod - Route: /favicon.ico 404 Not Found Method: GET 
[2023-02-27T18:19:54.888] [WARN] prod - Route: /favicon.ico 404 Not Found Method: GET 
[2023-02-27T18:20:07.754] [WARN] prod - Route: /favicon.ico 404 Not Found Method: GET 
[2023-02-27T18:20:47.027] [WARN] prod - Route: /favicon.ico 404 Not Found Method: GET 
[2023-02-27T18:20:49.803] [WARN] prod - Route: /favicon.ico 404 Not Found Method: GET 
[2023-02-27T18:21:37.931] [WARN] prod - Route: /favicon.ico 404 Not Found Method: GET 
[2023-02-27T18:22:01.347] [WARN] prod - Route: /favicon.ico 404 Not Found Method: GET 
[2023-02-27T18:22:26.286] [WARN] prod - Route: /favicon.ico 404 Not Found Method: GET 
[2023-02-27T18:22:41.349] [WARN] prod - Route: /favicon.ico 404 Not Found Method: GET 
[2023-02-27T18:22:44.043] [WARN] prod - Route: /favicon.ico 404 Not Found Method: GET 
[2023-02-28T19:19:16.595] [WARN] prod - Route: /favicon.ico 404 Not Found Method: GET 
[2023-02-28T19:21:21.661] [WARN] prod - Route: /favicon.ico 404 Not Found Method: GET 
[2023-02-28T19:23:15.525] [WARN] prod - Route: /favicon.ico 404 Not Found Method: GET 
[2023-02-28T19:23:18.545] [WARN] prod - Route: /favicon.ico 404 Not Found Method: GET 
[2023-02-28T19:23:23.107] [WARN] prod - Route: /favicon.ico 404 Not Found Method: GET 
[2023-02-28T19:24:50.883] [WARN] prod - Route: /favicon.ico 404 Not Found Method: GET 
[2023-02-28T19:25:47.096] [WARN] prod - Route: /favicon.ico 404 Not Found Method: GET 
[2023-02-28T19:28:46.434] [WARN] prod - Route: /favicon.ico 404 Not Found Method: GET 
[2023-02-28T19:29:09.150] [WARN] prod - Route: /favicon.ico 404 Not Found Method: GET 
[2023-02-28T19:29:11.964] [WARN] prod - Route: /favicon.ico 404 Not Found Method: GET 
[2023-02-28T19:30:52.900] [WARN] prod - Route: /favicon.ico 404 Not Found Method: GET 
[2023-02-28T19:31:07.525] [WARN] prod - Route: /favicon.ico 404 Not Found Method: GET 
[2023-02-28T19:31:08.396] [WARN] prod - Route: /favicon.ico 404 Not Found Method: GET 
[2023-02-28T19:31:10.365] [WARN] prod - Route: /favicon.ico 404 Not Found Method: GET 
[2023-02-28T19:32:25.828] [WARN] prod - Route: /favicon.ico 404 Not Found Method: GET 
[2023-02-28T19:33:31.502] [WARN] prod - Route: /favicon.ico 404 Not Found Method: GET 
[2023-02-28T19:33:41.437] [WARN] prod - Route: /favicon.ico 404 Not Found Method: GET 
[2023-02-28T19:33:43.340] [WARN] prod - Route: /favicon.ico 404 Not Found Method: GET 
[2023-02-28T19:36:11.956] [WARN] prod - Route: /favicon.ico 404 Not Found Method: GET 
[2023-02-28T19:36:15.898] [WARN] prod - Route: /favicon.ico 404 Not Found Method: GET 
[2023-02-28T19:39:37.202] [WARN] prod - Route: /favicon.ico 404 Not Found Method: GET 
[2023-02-28T19:39:39.159] [WARN] prod - Route: /favicon.ico 404 Not Found Method: GET 
[2023-02-28T19:40:22.581] [WARN] prod - Route: /favicon.ico 404 Not Found Method: GET 
[2023-02-28T19:51:48.024] [WARN] prod - Route: /favicon.ico 404 Not Found Method: GET 
[2023-02-28T19:51:51.648] [WARN] prod - Route: /favicon.ico 404 Not Found Method: GET 
[2023-02-28T19:52:06.367] [WARN] prod - Route: /favicon.ico 404 Not Found Method: GET 
[2023-02-28T19:52:16.296] [WARN] prod - Route: /favicon.ico 404 Not Found Method: GET 
[2023-02-28T19:54:14.874] [WARN] prod - Route: /favicon.ico 404 Not Found Method: GET 
[2023-02-28T19:54:19.537] [WARN] prod - Route: /favicon.ico 404 Not Found Method: GET 
[2023-02-28T19:54:44.109] [WARN] prod - Route: /favicon.ico 404 Not Found Method: GET 
[2023-02-28T19:59:38.538] [WARN] prod - Route: /favicon.ico 404 Not Found Method: GET 
[2023-02-28T20:03:00.542] [WARN] prod - Route: /favicon.ico 404 Not Found Method: GET 
[2023-02-28T20:03:04.368] [WARN] prod - Route: /favicon.ico 404 Not Found Method: GET 
[2023-02-28T20:03:16.105] [WARN] prod - Route: /favicon.ico 404 Not Found Method: GET 
[2023-02-28T20:03:38.747] [WARN] prod - Route: /favicon.ico 404 Not Found Method: GET 
[2023-02-28T20:04:02.928] [WARN] prod - Route: /favicon.ico 404 Not Found Method: GET 
[2023-02-28T20:04:22.665] [WARN] prod - Route: /favicon.ico 404 Not Found Method: GET 
[2023-02-28T20:04:34.765] [WARN] prod - Route: /favicon.ico 404 Not Found Method: GET 
[2023-02-28T20:05:49.592] [WARN] prod - Route: /favicon.ico 404 Not Found Method: GET 
[2023-02-28T20:05:52.512] [WARN] prod - Route: /favicon.ico 404 Not Found Method: GET 
[2023-02-28T20:05:54.300] [WARN] prod - Route: /favicon.ico 404 Not Found Method: GET 
[2023-02-28T20:05:58.297] [WARN] prod - Route: /favicon.ico 404 Not Found Method: GET 
[2023-02-28T20:06:11.378] [WARN] prod - Route: /favicon.ico 404 Not Found Method: GET 
[2023-02-28T20:06:30.044] [WARN] prod - Route: /favicon.ico 404 Not Found Method: GET 
[2023-02-28T20:06:32.151] [WARN] prod - Route: /favicon.ico 404 Not Found Method: GET 
[2023-02-28T20:06:41.383] [WARN] prod - Route: /favicon.ico 404 Not Found Method: GET 
[2023-02-28T20:08:22.890] [WARN] prod - Route: /favicon.ico 404 Not Found Method: GET 
[2023-02-28T20:08:30.060] [WARN] prod - Route: /favicon.ico 404 Not Found Method: GET 
[2023-02-28T20:09:29.678] [WARN] prod - Route: /favicon.ico 404 Not Found Method: GET 
[2023-02-28T20:09:30.651] [WARN] prod - Route: /favicon.ico 404 Not Found Method: GET 
[2023-02-28T20:09:36.191] [WARN] prod - Route: /favicon.ico 404 Not Found Method: GET 
[2023-02-28T22:24:13.396] [WARN] prod - Route: /favicon.ico 404 Not Found Method: GET 
[2023-02-28T22:24:17.086] [WARN] prod - Route: /favicon.ico 404 Not Found Method: GET 
[2023-02-28T22:24:19.140] [WARN] prod - Route: /favicon.ico 404 Not Found Method: GET 
[2023-02-28T22:25:36.368] [WARN] prod - Route: /favicon.ico 404 Not Found Method: GET 
[2023-02-28T22:25:44.122] [WARN] prod - Route: /favicon.ico 404 Not Found Method: GET 
[2023-02-28T22:25:46.411] [WARN] prod - Route: /favicon.ico 404 Not Found Method: GET 
[2023-02-28T22:25:52.922] [WARN] prod - Route: /favicon.ico 404 Not Found Method: GET 
[2023-02-28T22:26:32.482] [WARN] prod - Route: /favicon.ico 404 Not Found Method: GET 
[2023-02-28T22:26:33.529] [WARN] prod - Route: /favicon.ico 404 Not Found Method: GET 
[2023-02-28T22:26:37.277] [WARN] prod - Route: /favicon.ico 404 Not Found Method: GET 
[2023-02-28T22:27:30.186] [WARN] prod - Route: /favicon.ico 404 Not Found Method: GET 
[2023-02-28T22:30:01.096] [WARN] prod - Route: /favicon.ico 404 Not Found Method: GET 
[2023-02-28T22:36:01.839] [WARN] prod - Route: /favicon.ico 404 Not Found Method: GET 
[2023-02-28T22:36:05.818] [WARN] prod - Route: /favicon.ico 404 Not Found Method: GET 
[2023-02-28T22:36:07.600] [WARN] prod - Route: /favicon.ico 404 Not Found Method: GET 
[2023-02-28T22:37:43.941] [WARN] prod - Route: /favicon.ico 404 Not Found Method: GET 
[2023-02-28T22:37:55.502] [WARN] prod - Route: /favicon.ico 404 Not Found Method: GET 
[2023-02-28T22:38:32.003] [WARN] prod - Route: /favicon.ico 404 Not Found Method: GET 
[2023-02-28T22:39:51.999] [WARN] prod - Route: /favicon.ico 404 Not Found Method: GET 
[2023-02-28T22:39:57.833] [WARN] prod - Route: /favicon.ico 404 Not Found Method: GET 
[2023-02-28T22:39:59.811] [WARN] prod - Route: /favicon.ico 404 Not Found Method: GET 
[2023-02-28T22:40:34.758] [WARN] prod - Route: /favicon.ico 404 Not Found Method: GET 
[2023-02-28T22:40:36.515] [WARN] prod - Route: /favicon.ico 404 Not Found Method: GET 
[2023-02-28T22:41:17.845] [WARN] prod - Route: /favicon.ico 404 Not Found Method: GET 
[2023-02-28T22:41:27.589] [WARN] prod - Route: /favicon.ico 404 Not Found Method: GET 
[2023-02-28T22:46:34.189] [WARN] prod - Route: /favicon.ico 404 Not Found Method: GET 
[2023-02-28T22:46:37.712] [WARN] prod - Route: /favicon.ico 404 Not Found Method: GET 
[2023-02-28T22:47:11.170] [WARN] prod - Route: /favicon.ico 404 Not Found Method: GET 
[2023-02-28T22:50:02.007] [WARN] prod - Route: /favicon.ico 404 Not Found Method: GET 
[2023-02-28T22:50:23.611] [WARN] prod - Route: /favicon.ico 404 Not Found Method: GET 
[2023-02-28T22:52:19.386] [WARN] prod - Route: /favicon.ico 404 Not Found Method: GET 
[2023-02-28T22:54:06.505] [WARN] prod - Route: /favicon.ico 404 Not Found Method: GET 
[2023-02-28T22:54:07.420] [WARN] prod - Route: /favicon.ico 404 Not Found Method: GET 
[2023-02-28T22:54:08.700] [WARN] prod - Route: /favicon.ico 404 Not Found Method: GET 
[2023-02-28T22:54:11.789] [WARN] prod - Route: /favicon.ico 404 Not Found Method: GET 
[2023-02-28T22:58:59.065] [WARN] prod - Route: /favicon.ico 404 Not Found Method: GET 
[2023-02-28T22:59:00.676] [WARN] prod - Route: /favicon.ico 404 Not Found Method: GET 
[2023-02-28T22:59:04.627] [WARN] prod - Route: /favicon.ico 404 Not Found Method: GET 
[2023-02-28T22:59:12.187] [WARN] prod - Route: /favicon.ico 404 Not Found Method: GET 
[2023-02-28T22:59:19.471] [WARN] prod - Route: /favicon.ico 404 Not Found Method: GET 
[2023-02-28T22:59:42.425] [WARN] prod - Route: /favicon.ico 404 Not Found Method: GET 
[2023-02-28T22:59:46.242] [WARN] prod - Route: /favicon.ico 404 Not Found Method: GET 
[2023-02-28T22:59:49.440] [WARN] prod - Route: /favicon.ico 404 Not Found Method: GET 
[2023-02-28T23:20:40.204] [WARN] prod - Route: /favicon.ico 404 Not Found Method: GET 
[2023-02-28T23:20:44.074] [WARN] prod - Route: /favicon.ico 404 Not Found Method: GET 
[2023-02-28T23:20:47.451] [WARN] prod - Route: /favicon.ico 404 Not Found Method: GET 
[2023-02-28T23:25:54.291] [WARN] prod - Route: /favicon.ico 404 Not Found Method: GET 
[2023-02-28T23:26:48.314] [WARN] prod - Route: /favicon.ico 404 Not Found Method: GET 
[2023-02-28T23:32:15.138] [WARN] prod - Route: /favicon.ico 404 Not Found Method: GET 
[2023-02-28T23:32:19.314] [WARN] prod - Route: /favicon.ico 404 Not Found Method: GET 
[2023-02-28T23:32:21.250] [WARN] prod - Route: /favicon.ico 404 Not Found Method: GET 
[2023-02-28T23:38:19.291] [WARN] prod - Route: /favicon.ico 404 Not Found Method: GET 
[2023-02-28T23:38:53.632] [WARN] prod - Route: /favicon.ico 404 Not Found Method: GET 
[2023-02-28T23:41:17.011] [WARN] prod - Route: /favicon.ico 404 Not Found Method: GET 
[2023-02-28T23:41:25.923] [WARN] prod - Route: /favicon.ico 404 Not Found Method: GET 
[2023-02-28T23:41:27.905] [WARN] prod - Route: /favicon.ico 404 Not Found Method: GET 
[2023-02-28T23:42:01.106] [WARN] prod - Route: /favicon.ico 404 Not Found Method: GET 
[2023-02-28T23:43:10.951] [WARN] prod - Route: /favicon.ico 404 Not Found Method: GET 
[2023-02-28T23:43:14.537] [WARN] prod - Route: /favicon.ico 404 Not Found Method: GET 
[2023-02-28T23:43:23.719] [WARN] prod - Route: /favicon.ico 404 Not Found Method: GET 
[2023-02-28T23:43:25.764] [WARN] prod - Route: /favicon.ico 404 Not Found Method: GET 
[2023-02-28T23:43:43.528] [WARN] prod - Route: /favicon.ico 404 Not Found Method: GET 
[2023-02-28T23:43:47.734] [WARN] prod - Route: /favicon.ico 404 Not Found Method: GET 
[2023-02-28T23:43:50.183] [WARN] prod - Route: /favicon.ico 404 Not Found Method: GET 
[2023-02-28T23:43:52.912] [WARN] prod - Route: /favicon.ico 404 Not Found Method: GET 
[2023-02-28T23:43:54.712] [WARN] prod - Route: /favicon.ico 404 Not Found Method: GET 
[2023-02-28T23:43:55.666] [WARN] prod - Route: /favicon.ico 404 Not Found Method: GET 
[2023-02-28T23:43:57.913] [WARN] prod - Route: /favicon.ico 404 Not Found Method: GET 
[2023-02-28T23:43:59.100] [WARN] prod - Route: /favicon.ico 404 Not Found Method: GET 
[2023-02-28T23:44:03.129] [WARN] prod - Route: /favicon.ico 404 Not Found Method: GET 
[2023-02-28T23:44:10.432] [WARN] prod - Route: /favicon.ico 404 Not Found Method: GET 
[2023-02-28T23:44:12.624] [WARN] prod - Route: /favicon.ico 404 Not Found Method: GET 
[2023-02-28T23:44:15.108] [WARN] prod - Route: /favicon.ico 404 Not Found Method: GET 
[2023-02-28T23:45:00.627] [WARN] prod - Route: /favicon.ico 404 Not Found Method: GET 
[2023-02-28T23:45:03.054] [WARN] prod - Route: /favicon.ico 404 Not Found Method: GET 
[2023-02-28T23:45:04.557] [WARN] prod - Route: /favicon.ico 404 Not Found Method: GET 
[2023-02-28T23:45:06.723] [WARN] prod - Route: /favicon.ico 404 Not Found Method: GET 
[2023-02-28T23:45:10.964] [WARN] prod - Route: /favicon.ico 404 Not Found Method: GET 
[2023-02-28T23:48:08.573] [WARN] prod - Route: /favicon.ico 404 Not Found Method: GET 
[2023-02-28T23:48:15.519] [WARN] prod - Route: /favicon.ico 404 Not Found Method: GET 
[2023-02-28T23:48:37.788] [WARN] prod - Route: /favicon.ico 404 Not Found Method: GET 
[2023-02-28T23:48:40.614] [WARN] prod - Route: /favicon.ico 404 Not Found Method: GET 
[2023-02-28T23:49:55.176] [WARN] prod - Route: /favicon.ico 404 Not Found Method: GET 
[2023-02-28T23:50:00.040] [WARN] prod - Route: /favicon.ico 404 Not Found Method: GET 
[2023-03-01T18:28:23.049] [WARN] prod - Route: /favicon.ico 404 Not Found Method: GET 
[2023-03-01T18:28:28.144] [WARN] prod - Route: /favicon.ico 404 Not Found Method: GET 
[2023-03-01T18:28:32.472] [WARN] prod - Route: /favicon.ico 404 Not Found Method: GET 
[2023-03-01T18:28:36.758] [WARN] prod - Route: /favicon.ico 404 Not Found Method: GET 
[2023-03-01T18:34:50.689] [WARN] prod - Route: /favicon.ico 404 Not Found Method: GET 
[2023-03-01T18:34:52.416] [WARN] prod - Route: /favicon.ico 404 Not Found Method: GET 
[2023-03-01T18:34:53.898] [WARN] prod - Route: /favicon.ico 404 Not Found Method: GET 
[2023-03-01T18:35:11.412] [WARN] prod - Route: /favicon.ico 404 Not Found Method: GET 
[2023-03-01T18:35:15.336] [WARN] prod - Route: /favicon.ico 404 Not Found Method: GET 
[2023-03-01T18:35:17.888] [WARN] prod - Route: /favicon.ico 404 Not Found Method: GET 
[2023-03-01T18:35:24.116] [WARN] prod - Route: /favicon.ico 404 Not Found Method: GET 
[2023-03-01T18:36:01.361] [WARN] prod - Route: /favicon.ico 404 Not Found Method: GET 
[2023-03-01T18:36:03.172] [WARN] prod - Route: /favicon.ico 404 Not Found Method: GET 
[2023-03-01T18:36:20.982] [WARN] prod - Route: /favicon.ico 404 Not Found Method: GET 
[2023-03-01T18:36:21.894] [WARN] prod - Route: /favicon.ico 404 Not Found Method: GET 
[2023-03-01T18:36:23.665] [WARN] prod - Route: /favicon.ico 404 Not Found Method: GET 
[2023-03-01T18:36:25.591] [WARN] prod - Route: /favicon.ico 404 Not Found Method: GET 
[2023-03-01T18:36:58.858] [WARN] prod - Route: /favicon.ico 404 Not Found Method: GET 
[2023-03-01T18:37:01.003] [WARN] prod - Route: /favicon.ico 404 Not Found Method: GET 
[2023-03-01T18:37:25.553] [WARN] prod - Route: /favicon.ico 404 Not Found Method: GET 
[2023-03-01T18:37:28.998] [WARN] prod - Route: /favicon.ico 404 Not Found Method: GET 
[2023-03-01T18:37:32.252] [WARN] prod - Route: /favicon.ico 404 Not Found Method: GET 
[2023-03-01T18:37:34.913] [WARN] prod - Route: /favicon.ico 404 Not Found Method: GET 
[2023-03-01T18:37:40.912] [WARN] prod - Route: /favicon.ico 404 Not Found Method: GET 
[2023-03-01T18:37:50.454] [WARN] prod - Route: /favicon.ico 404 Not Found Method: GET 
[2023-03-01T18:37:52.216] [WARN] prod - Route: /favicon.ico 404 Not Found Method: GET 
[2023-03-01T18:37:54.270] [WARN] prod - Route: /favicon.ico 404 Not Found Method: GET 
[2023-03-01T18:39:16.618] [WARN] prod - Route: /favicon.ico 404 Not Found Method: GET 
[2023-03-01T18:39:20.089] [WARN] prod - Route: /favicon.ico 404 Not Found Method: GET 
[2023-03-01T18:44:07.403] [WARN] prod - Route: /favicon.ico 404 Not Found Method: GET 
[2023-03-01T18:44:08.080] [WARN] prod - Route: /favicon.ico 404 Not Found Method: GET 
[2023-03-01T18:44:34.327] [WARN] prod - Route: /favicon.ico 404 Not Found Method: GET 
[2023-03-01T18:44:44.285] [WARN] prod - Route: /favicon.ico 404 Not Found Method: GET 
[2023-03-01T18:45:08.055] [WARN] prod - Route: /favicon.ico 404 Not Found Method: GET 
[2023-03-01T18:51:43.982] [WARN] prod - Route: /favicon.ico 404 Not Found Method: GET 
[2023-03-01T18:52:17.515] [WARN] prod - Route: /favicon.ico 404 Not Found Method: GET 
[2023-03-01T18:52:22.839] [WARN] prod - Route: /favicon.ico 404 Not Found Method: GET 
[2023-03-01T18:52:55.602] [WARN] prod - Route: /favicon.ico 404 Not Found Method: GET 
[2023-03-01T18:55:02.842] [WARN] prod - Route: /favicon.ico 404 Not Found Method: GET 
[2023-03-01T18:56:31.417] [WARN] prod - Route: /api/v1/ 404 Not Found Method: GET 
[2023-03-01T18:56:32.494] [WARN] prod - Route: /favicon.ico 404 Not Found Method: GET 
[2023-03-01T18:56:34.383] [WARN] prod - Route: /favicon.ico 404 Not Found Method: GET 
[2023-03-01T18:56:37.174] [WARN] prod - Route: /favicon.ico 404 Not Found Method: GET 
[2023-03-01T18:56:40.559] [WARN] prod - Route: /favicon.ico 404 Not Found Method: GET 
[2023-03-01T18:56:43.629] [WARN] prod - Route: /favicon.ico 404 Not Found Method: GET 
[2023-03-01T18:56:48.419] [WARN] prod - Route: /favicon.ico 404 Not Found Method: GET 
[2023-03-01T18:56:51.163] [WARN] prod - Route: /api/v1/ 404 Not Found Method: GET 
[2023-03-01T18:56:52.195] [WARN] prod - Route: /favicon.ico 404 Not Found Method: GET 
[2023-03-01T18:57:42.057] [WARN] prod - Route: /favicon.ico 404 Not Found Method: GET 
[2023-03-01T18:57:43.455] [WARN] prod - Route: /favicon.ico 404 Not Found Method: GET 
[2023-03-01T18:57:44.568] [WARN] prod - Route: /favicon.ico 404 Not Found Method: GET 
[2023-03-01T18:57:47.702] [WARN] prod - Route: /favicon.ico 404 Not Found Method: GET 
[2023-03-01T18:59:55.874] [WARN] prod - Route: /favicon.ico 404 Not Found Method: GET 
[2023-03-01T19:00:04.671] [WARN] prod - Route: /favicon.ico 404 Not Found Method: GET 
[2023-03-01T19:01:09.981] [WARN] prod - Route: /favicon.ico 404 Not Found Method: GET 
[2023-03-01T19:01:43.661] [WARN] prod - Route: /favicon.ico 404 Not Found Method: GET 
[2023-03-01T19:01:47.671] [WARN] prod - Route: /favicon.ico 404 Not Found Method: GET 
[2023-03-01T19:01:52.112] [WARN] prod - Route: /favicon.ico 404 Not Found Method: GET 
[2023-03-01T19:01:57.969] [WARN] prod - Route: /favicon.ico 404 Not Found Method: GET 
[2023-03-01T19:01:59.082] [WARN] prod - Route: /favicon.ico 404 Not Found Method: GET 
[2023-03-01T19:01:59.978] [WARN] prod - Route: /favicon.ico 404 Not Found Method: GET 
[2023-03-01T19:02:18.659] [WARN] prod - Route: /favicon.ico 404 Not Found Method: GET 
[2023-03-01T19:02:22.763] [WARN] prod - Route: /favicon.ico 404 Not Found Method: GET 
[2023-03-01T19:02:23.106] [WARN] prod - Route: /api/cart 404 Not Found Method: GET 
[2023-03-01T19:02:23.441] [WARN] prod - Route: /favicon.ico 404 Not Found Method: GET 
[2023-03-01T19:02:33.398] [WARN] prod - Route: /favicon.ico 404 Not Found Method: GET 
[2023-03-01T19:03:58.189] [WARN] prod - Route: /favicon.ico 404 Not Found Method: GET 
[2023-03-01T19:04:01.389] [WARN] prod - Route: /favicon.ico 404 Not Found Method: GET 
[2023-03-01T19:04:52.834] [WARN] prod - Route: /favicon.ico 404 Not Found Method: GET 
[2023-03-01T19:04:59.193] [WARN] prod - Route: /favicon.ico 404 Not Found Method: GET 
[2023-03-01T19:05:18.650] [WARN] prod - Route: /favicon.ico 404 Not Found Method: GET 
[2023-03-01T19:05:37.996] [WARN] prod - Route: /favicon.ico 404 Not Found Method: GET 
[2023-03-01T19:05:41.093] [WARN] prod - Route: /favicon.ico 404 Not Found Method: GET 
[2023-03-01T19:05:43.121] [WARN] prod - Route: /favicon.ico 404 Not Found Method: GET 
[2023-03-01T19:05:45.773] [WARN] prod - Route: /favicon.ico 404 Not Found Method: GET 
[2023-03-01T19:07:06.933] [WARN] prod - Route: /favicon.ico 404 Not Found Method: GET 
[2023-03-01T19:08:17.112] [WARN] prod - Route: /favicon.ico 404 Not Found Method: GET 
[2023-03-01T19:08:21.110] [WARN] prod - Route: /favicon.ico 404 Not Found Method: GET 
[2023-03-01T19:08:26.934] [WARN] prod - Route: /favicon.ico 404 Not Found Method: GET 
[2023-03-01T19:09:22.072] [WARN] prod - Route: /favicon.ico 404 Not Found Method: GET 
[2023-03-01T19:14:35.902] [WARN] prod - Route: /favicon.ico 404 Not Found Method: GET 
[2023-03-01T19:14:39.961] [WARN] prod - Route: /favicon.ico 404 Not Found Method: GET 
[2023-03-01T19:14:43.929] [WARN] prod - Route: /favicon.ico 404 Not Found Method: GET 
[2023-03-01T19:14:48.197] [WARN] prod - Route: /favicon.ico 404 Not Found Method: GET 
[2023-03-01T19:14:55.757] [WARN] prod - Route: /favicon.ico 404 Not Found Method: GET 
[2023-03-01T19:15:08.046] [WARN] prod - Route: /favicon.ico 404 Not Found Method: GET 
[2023-03-01T19:15:17.316] [WARN] prod - Route: /favicon.ico 404 Not Found Method: GET 
[2023-03-01T19:16:40.335] [WARN] prod - Route: /favicon.ico 404 Not Found Method: GET 
[2023-03-01T19:16:43.873] [WARN] prod - Route: /favicon.ico 404 Not Found Method: GET 
[2023-03-01T19:17:03.412] [WARN] prod - Route: /favicon.ico 404 Not Found Method: GET 
[2023-03-01T19:17:07.569] [WARN] prod - Route: /favicon.ico 404 Not Found Method: GET 
[2023-03-01T19:17:14.297] [WARN] prod - Route: /favicon.ico 404 Not Found Method: GET 
[2023-03-01T19:17:15.974] [WARN] prod - Route: /favicon.ico 404 Not Found Method: GET 
[2023-03-01T19:18:19.017] [WARN] prod - Route: /favicon.ico 404 Not Found Method: GET 
[2023-03-01T19:21:15.165] [WARN] prod - Route: /favicon.ico 404 Not Found Method: GET 
[2023-03-01T19:25:38.195] [WARN] prod - Route: /favicon.ico 404 Not Found Method: GET 
[2023-03-01T19:25:41.774] [WARN] prod - Route: /favicon.ico 404 Not Found Method: GET 
[2023-03-01T19:27:06.719] [WARN] prod - Route: /favicon.ico 404 Not Found Method: GET 
[2023-03-01T19:28:17.665] [WARN] prod - Route: /favicon.ico 404 Not Found Method: GET 
[2023-03-01T19:28:22.449] [WARN] prod - Route: /favicon.ico 404 Not Found Method: GET 
[2023-03-01T19:28:47.390] [WARN] prod - Route: /favicon.ico 404 Not Found Method: GET 
[2023-03-01T19:32:18.649] [WARN] prod - Route: /favicon.ico 404 Not Found Method: GET 
[2023-03-01T19:43:29.871] [WARN] prod - Route: /favicon.ico 404 Not Found Method: GET 
[2023-03-01T19:43:33.334] [WARN] prod - Route: /favicon.ico 404 Not Found Method: GET 
[2023-03-01T19:43:36.062] [WARN] prod - Route: /favicon.ico 404 Not Found Method: GET 
[2023-03-01T19:44:37.297] [WARN] prod - Route: /api/v1/cart 404 Not Found Method: GET 
[2023-03-01T19:44:37.487] [WARN] prod - Route: /favicon.ico 404 Not Found Method: GET 
[2023-03-01T20:11:33.392] [WARN] prod - Route: /favicon.ico 404 Not Found Method: GET 
[2023-03-01T20:11:37.095] [WARN] prod - Route: /favicon.ico 404 Not Found Method: GET 
[2023-03-01T20:11:37.977] [WARN] prod - Route: /api/v1/cart 404 Not Found Method: GET 
[2023-03-01T20:11:38.111] [WARN] prod - Route: /favicon.ico 404 Not Found Method: GET 
[2023-03-01T20:13:19.630] [WARN] prod - Route: /api/v1/cart 404 Not Found Method: GET 
[2023-03-01T20:13:19.778] [WARN] prod - Route: /favicon.ico 404 Not Found Method: GET 
[2023-03-01T20:13:23.476] [WARN] prod - Route: /favicon.ico 404 Not Found Method: GET 
[2023-03-01T20:13:26.232] [WARN] prod - Route: /api/v1/cart 404 Not Found Method: GET 
[2023-03-01T20:13:26.364] [WARN] prod - Route: /favicon.ico 404 Not Found Method: GET 
[2023-03-01T20:14:39.126] [WARN] prod - Route: /favicon.ico 404 Not Found Method: GET 
[2023-03-01T20:14:57.355] [WARN] prod - Route: /api/v1/cart 404 Not Found Method: GET 
[2023-03-01T20:14:57.529] [WARN] prod - Route: /favicon.ico 404 Not Found Method: GET 
[2023-03-01T20:15:15.508] [WARN] prod - Route: /api/v1/cart 404 Not Found Method: GET 
[2023-03-01T20:15:15.672] [WARN] prod - Route: /favicon.ico 404 Not Found Method: GET 
[2023-03-01T20:15:57.830] [WARN] prod - Route: /api/v1/cart 404 Not Found Method: GET 
[2023-03-01T20:15:58.021] [WARN] prod - Route: /favicon.ico 404 Not Found Method: GET 
[2023-03-01T20:16:00.133] [WARN] prod - Route: /api/v1/cart 404 Not Found Method: GET 
[2023-03-01T20:16:00.307] [WARN] prod - Route: /favicon.ico 404 Not Found Method: GET 
[2023-03-01T20:16:09.392] [WARN] prod - Route: /api/v1/cart 404 Not Found Method: GET 
[2023-03-01T20:16:09.785] [WARN] prod - Route: /favicon.ico 404 Not Found Method: GET 
[2023-03-01T20:16:13.501] [WARN] prod - Route: /api/v1/cart 404 Not Found Method: GET 
[2023-03-01T20:16:13.676] [WARN] prod - Route: /favicon.ico 404 Not Found Method: GET 
[2023-03-01T20:16:28.217] [WARN] prod - Route: /favicon.ico 404 Not Found Method: GET 
[2023-03-01T20:17:52.424] [WARN] prod - Route: /favicon.ico 404 Not Found Method: GET 
[2023-03-01T20:17:59.114] [WARN] prod - Route: /favicon.ico 404 Not Found Method: GET 
[2023-03-01T20:18:34.800] [WARN] prod - Route: /favicon.ico 404 Not Found Method: GET 
[2023-03-03T14:22:58.084] [WARN] prod - Route: /favicon.ico 404 Not Found Method: GET 
[2023-03-03T14:23:03.469] [WARN] prod - Route: /favicon.ico 404 Not Found Method: GET 
[2023-03-03T14:23:05.604] [WARN] prod - Route: /favicon.ico 404 Not Found Method: GET 
[2023-03-03T14:23:11.480] [WARN] prod - Route: /favicon.ico 404 Not Found Method: GET 
[2023-03-03T14:23:27.044] [WARN] prod - Route: /api/v1/cart 404 Not Found Method: GET 
[2023-03-03T14:23:27.448] [WARN] prod - Route: /favicon.ico 404 Not Found Method: GET 
[2023-03-03T14:25:41.047] [WARN] prod - Route: /favicon.ico 404 Not Found Method: GET 
[2023-03-03T14:28:31.017] [WARN] prod - Route: /favicon.ico 404 Not Found Method: GET 
[2023-03-03T14:35:06.655] [WARN] prod - Route: /favicon.ico 404 Not Found Method: GET 
[2023-03-03T14:35:12.392] [WARN] prod - Route: /favicon.ico 404 Not Found Method: GET 
[2023-03-03T14:35:14.715] [WARN] prod - Route: /favicon.ico 404 Not Found Method: GET 
[2023-03-03T14:35:17.656] [WARN] prod - Route: /favicon.ico 404 Not Found Method: GET 
[2023-03-03T14:35:32.707] [WARN] prod - Route: /favicon.ico 404 Not Found Method: GET 
[2023-03-03T14:35:52.947] [WARN] prod - Route: /favicon.ico 404 Not Found Method: GET 
[2023-03-03T14:35:54.419] [WARN] prod - Route: /favicon.ico 404 Not Found Method: GET 
[2023-03-03T14:35:55.407] [WARN] prod - Route: /favicon.ico 404 Not Found Method: GET 
[2023-03-03T14:36:06.730] [WARN] prod - Route: /favicon.ico 404 Not Found Method: GET 
[2023-03-03T14:36:10.937] [WARN] prod - Route: /favicon.ico 404 Not Found Method: GET 
[2023-03-03T14:36:22.115] [WARN] prod - Route: /favicon.ico 404 Not Found Method: GET 
[2023-03-03T14:36:52.728] [WARN] prod - Route: /favicon.ico 404 Not Found Method: GET 
[2023-03-03T14:37:53.124] [WARN] prod - Route: /favicon.ico 404 Not Found Method: GET 
[2023-03-03T14:45:18.777] [WARN] prod - Route: /favicon.ico 404 Not Found Method: GET 
[2023-03-03T14:45:22.871] [WARN] prod - Route: /favicon.ico 404 Not Found Method: GET 
[2023-03-03T14:45:24.463] [WARN] prod - Route: /favicon.ico 404 Not Found Method: GET 
[2023-03-03T14:48:58.486] [WARN] prod - Route: /favicon.ico 404 Not Found Method: GET 
[2023-03-03T14:49:00.109] [WARN] prod - Route: /favicon.ico 404 Not Found Method: GET 
[2023-03-03T14:49:16.893] [WARN] prod - Route: /favicon.ico 404 Not Found Method: GET 
[2023-03-03T14:49:18.203] [WARN] prod - Route: /favicon.ico 404 Not Found Method: GET 
[2023-03-03T14:49:22.825] [WARN] prod - Route: /favicon.ico 404 Not Found Method: GET 
[2023-03-03T14:50:41.290] [WARN] prod - Route: /favicon.ico 404 Not Found Method: GET 
[2023-03-03T14:50:43.922] [WARN] prod - Route: /favicon.ico 404 Not Found Method: GET 
[2023-03-03T14:50:54.014] [WARN] prod - Route: /favicon.ico 404 Not Found Method: GET 
[2023-03-03T14:51:09.064] [WARN] prod - Route: /favicon.ico 404 Not Found Method: GET 
[2023-03-03T14:52:16.270] [WARN] prod - Route: /favicon.ico 404 Not Found Method: GET 
[2023-03-03T14:52:23.750] [WARN] prod - Route: /favicon.ico 404 Not Found Method: GET 
[2023-03-03T14:53:00.886] [WARN] prod - Route: /favicon.ico 404 Not Found Method: GET 
[2023-03-03T14:53:03.646] [WARN] prod - Route: /favicon.ico 404 Not Found Method: GET 
[2023-03-03T14:53:51.786] [WARN] prod - Route: /favicon.ico 404 Not Found Method: GET 
[2023-03-03T14:54:24.468] [WARN] prod - Route: /favicon.ico 404 Not Found Method: GET 
[2023-03-03T14:54:40.315] [WARN] prod - Route: /favicon.ico 404 Not Found Method: GET 
[2023-03-03T14:55:02.975] [WARN] prod - Route: /favicon.ico 404 Not Found Method: GET 
[2023-03-03T14:55:18.770] [WARN] prod - Route: /favicon.ico 404 Not Found Method: GET 
[2023-03-03T14:55:22.670] [WARN] prod - Route: /favicon.ico 404 Not Found Method: GET 
[2023-03-03T14:55:26.414] [WARN] prod - Route: /favicon.ico 404 Not Found Method: GET 
[2023-03-03T14:55:28.189] [WARN] prod - Route: /favicon.ico 404 Not Found Method: GET 
[2023-03-03T14:56:22.423] [WARN] prod - Route: /favicon.ico 404 Not Found Method: GET 
[2023-03-03T14:56:25.874] [WARN] prod - Route: /favicon.ico 404 Not Found Method: GET 
[2023-03-03T14:57:23.467] [WARN] prod - Route: /favicon.ico 404 Not Found Method: GET 
[2023-03-03T14:57:43.095] [WARN] prod - Route: /favicon.ico 404 Not Found Method: GET 
[2023-03-03T14:58:31.466] [WARN] prod - Route: /favicon.ico 404 Not Found Method: GET 
[2023-03-03T14:59:14.612] [WARN] prod - Route: /favicon.ico 404 Not Found Method: GET 
[2023-03-03T14:59:36.080] [WARN] prod - Route: /favicon.ico 404 Not Found Method: GET 
[2023-03-03T15:02:11.552] [WARN] prod - Route: /favicon.ico 404 Not Found Method: GET 
[2023-03-03T15:02:21.260] [WARN] prod - Route: /favicon.ico 404 Not Found Method: GET 
[2023-03-03T15:04:14.698] [WARN] prod - Route: /favicon.ico 404 Not Found Method: GET 
[2023-03-03T15:04:30.092] [WARN] prod - Route: /favicon.ico 404 Not Found Method: GET 
[2023-03-03T15:07:44.104] [WARN] prod - Route: /favicon.ico 404 Not Found Method: GET 
[2023-03-03T15:07:48.388] [WARN] prod - Route: /favicon.ico 404 Not Found Method: GET 
[2023-03-03T15:07:49.420] [WARN] prod - Route: /favicon.ico 404 Not Found Method: GET 
[2023-03-03T15:08:15.002] [WARN] prod - Route: /favicon.ico 404 Not Found Method: GET 
[2023-03-03T15:08:28.866] [WARN] prod - Route: /favicon.ico 404 Not Found Method: GET 
[2023-03-03T15:08:55.878] [WARN] prod - Route: /favicon.ico 404 Not Found Method: GET 
[2023-03-03T15:09:11.652] [WARN] prod - Route: /favicon.ico 404 Not Found Method: GET 
[2023-03-03T15:09:40.803] [WARN] prod - Route: /favicon.ico 404 Not Found Method: GET 
[2023-03-03T15:09:51.367] [WARN] prod - Route: /favicon.ico 404 Not Found Method: GET 
[2023-03-03T15:10:18.363] [WARN] prod - Route: /favicon.ico 404 Not Found Method: GET 
[2023-03-03T15:11:43.901] [WARN] prod - Route: /favicon.ico 404 Not Found Method: GET 
[2023-03-03T15:11:58.780] [WARN] prod - Route: /favicon.ico 404 Not Found Method: GET 
[2023-03-03T15:13:17.356] [WARN] prod - Route: /favicon.ico 404 Not Found Method: GET 
[2023-03-03T15:13:35.749] [WARN] prod - Route: /favicon.ico 404 Not Found Method: GET 
[2023-03-03T15:14:20.323] [WARN] prod - Route: /favicon.ico 404 Not Found Method: GET 
[2023-03-03T15:14:28.790] [WARN] prod - Route: /favicon.ico 404 Not Found Method: GET 
[2023-03-03T15:14:53.070] [WARN] prod - Route: /favicon.ico 404 Not Found Method: GET 
[2023-03-03T15:17:12.854] [WARN] prod - Route: /favicon.ico 404 Not Found Method: GET 
[2023-03-03T15:19:23.584] [WARN] prod - Route: /favicon.ico 404 Not Found Method: GET 
[2023-03-03T15:19:25.974] [WARN] prod - Route: /favicon.ico 404 Not Found Method: GET 
[2023-03-03T15:19:34.967] [WARN] prod - Route: /favicon.ico 404 Not Found Method: GET 
[2023-03-03T15:19:35.845] [WARN] prod - Route: /favicon.ico 404 Not Found Method: GET 
[2023-03-03T15:19:56.437] [WARN] prod - Route: /favicon.ico 404 Not Found Method: GET 
[2023-03-03T15:20:15.893] [WARN] prod - Route: /favicon.ico 404 Not Found Method: GET 
[2023-03-03T15:20:44.154] [WARN] prod - Route: /favicon.ico 404 Not Found Method: GET 
[2023-03-03T15:20:56.462] [WARN] prod - Route: /favicon.ico 404 Not Found Method: GET 
[2023-03-03T15:21:51.723] [WARN] prod - Route: /favicon.ico 404 Not Found Method: GET 
[2023-03-03T15:22:01.757] [WARN] prod - Route: /favicon.ico 404 Not Found Method: GET 
[2023-03-03T15:24:37.251] [WARN] prod - Route: /favicon.ico 404 Not Found Method: GET 
[2023-03-03T15:25:46.046] [WARN] prod - Route: /favicon.ico 404 Not Found Method: GET 
[2023-03-03T15:27:13.569] [WARN] prod - Route: /favicon.ico 404 Not Found Method: GET 
[2023-03-03T15:29:35.723] [WARN] prod - Route: /favicon.ico 404 Not Found Method: GET 
[2023-03-03T15:29:39.424] [WARN] prod - Route: /favicon.ico 404 Not Found Method: GET 
[2023-03-03T15:29:40.978] [WARN] prod - Route: /favicon.ico 404 Not Found Method: GET 
[2023-03-03T15:30:07.081] [WARN] prod - Route: /favicon.ico 404 Not Found Method: GET 
[2023-03-03T15:30:34.015] [WARN] prod - Route: /favicon.ico 404 Not Found Method: GET 
[2023-03-03T15:30:55.633] [WARN] prod - Route: /favicon.ico 404 Not Found Method: GET 
[2023-03-04T10:29:04.052] [WARN] prod - Route: /favicon.ico 404 Not Found Method: GET 
[2023-03-04T10:29:09.917] [WARN] prod - Route: /favicon.ico 404 Not Found Method: GET 
[2023-03-04T10:29:14.066] [WARN] prod - Route: /favicon.ico 404 Not Found Method: GET 
[2023-03-04T10:29:16.129] [WARN] prod - Route: /favicon.ico 404 Not Found Method: GET 
[2023-03-04T10:29:19.043] [WARN] prod - Route: /favicon.ico 404 Not Found Method: GET 
[2023-03-04T10:41:34.471] [WARN] prod - Route: /favicon.ico 404 Not Found Method: GET 
[2023-03-04T10:41:39.311] [WARN] prod - Route: /favicon.ico 404 Not Found Method: GET 
[2023-03-04T10:41:52.572] [WARN] prod - Route: /favicon.ico 404 Not Found Method: GET 
[2023-03-04T10:41:56.604] [WARN] prod - Route: /favicon.ico 404 Not Found Method: GET 
[2023-03-04T10:42:43.467] [WARN] prod - Route: /favicon.ico 404 Not Found Method: GET 
[2023-03-04T10:47:21.015] [WARN] prod - Route: /favicon.ico 404 Not Found Method: GET 
[2023-03-04T10:47:27.459] [WARN] prod - Route: /favicon.ico 404 Not Found Method: GET 
[2023-03-04T11:24:53.661] [WARN] prod - Route: /favicon.ico 404 Not Found Method: GET 
[2023-03-04T11:25:02.675] [WARN] prod - Route: /favicon.ico 404 Not Found Method: GET 
[2023-03-04T11:25:28.731] [WARN] prod - Route: /favicon.ico 404 Not Found Method: GET 
[2023-03-04T11:27:49.586] [WARN] prod - Route: /favicon.ico 404 Not Found Method: GET 
[2023-03-04T11:29:12.318] [WARN] prod - Route: /favicon.ico 404 Not Found Method: GET 
[2023-03-05T16:47:42.859] [WARN] prod - Route: /favicon.ico 404 Not Found Method: GET 
[2023-03-05T16:47:50.518] [WARN] prod - Route: /favicon.ico 404 Not Found Method: GET 
[2023-03-05T16:48:15.616] [WARN] prod - Route: /favicon.ico 404 Not Found Method: GET 
[2023-03-05T16:49:58.345] [WARN] prod - Route: /favicon.ico 404 Not Found Method: GET 
[2023-03-05T16:52:56.122] [WARN] prod - Route: /favicon.ico 404 Not Found Method: GET 
[2023-03-05T16:57:14.002] [WARN] prod - Route: /favicon.ico 404 Not Found Method: GET 
[2023-03-05T17:02:39.420] [WARN] prod - Route: /favicon.ico 404 Not Found Method: GET 
[2023-03-05T17:02:43.426] [WARN] prod - Route: /favicon.ico 404 Not Found Method: GET 
[2023-03-05T17:28:58.360] [WARN] prod - Route: /favicon.ico 404 Not Found Method: GET 
[2023-03-05T17:29:03.629] [WARN] prod - Route: /favicon.ico 404 Not Found Method: GET 
[2023-03-05T17:29:05.877] [WARN] prod - Route: /favicon.ico 404 Not Found Method: GET 
[2023-03-05T17:29:10.367] [WARN] prod - Route: /favicon.ico 404 Not Found Method: GET 
[2023-03-05T19:02:49.072] [WARN] prod - Route: /favicon.ico 404 Not Found Method: GET 
[2023-03-05T19:02:50.217] [WARN] prod - Route: /favicon.ico 404 Not Found Method: GET 
[2023-03-05T19:03:14.845] [WARN] prod - Route: /favicon.ico 404 Not Found Method: GET 
[2023-03-05T19:06:09.320] [WARN] prod - Route: /favicon.ico 404 Not Found Method: GET 
[2023-03-05T19:26:02.433] [WARN] prod - Route: /favicon.ico 404 Not Found Method: GET 
[2023-03-05T19:26:05.954] [WARN] prod - Route: /favicon.ico 404 Not Found Method: GET 
[2023-03-05T19:27:44.396] [WARN] prod - Route: /favicon.ico 404 Not Found Method: GET 
[2023-03-05T19:30:56.713] [WARN] prod - Route: /favicon.ico 404 Not Found Method: GET 
[2023-03-05T19:31:58.573] [WARN] prod - Route: /favicon.ico 404 Not Found Method: GET 
[2023-03-05T19:34:28.466] [WARN] prod - Route: /favicon.ico 404 Not Found Method: GET 
[2023-03-05T19:35:37.272] [WARN] prod - Route: /favicon.ico 404 Not Found Method: GET 
[2023-03-05T19:35:54.312] [WARN] prod - Route: /favicon.ico 404 Not Found Method: GET 
[2023-03-05T19:37:25.595] [WARN] prod - Route: /favicon.ico 404 Not Found Method: GET 
[2023-03-05T19:37:29.012] [WARN] prod - Route: /favicon.ico 404 Not Found Method: GET 
[2023-03-05T19:38:57.881] [WARN] prod - Route: /favicon.ico 404 Not Found Method: GET 
[2023-03-05T19:43:21.130] [WARN] prod - Route: /favicon.ico 404 Not Found Method: GET 
[2023-03-05T19:44:21.844] [WARN] prod - Route: /favicon.ico 404 Not Found Method: GET 
[2023-03-05T19:50:50.276] [WARN] prod - Route: /favicon.ico 404 Not Found Method: GET 
[2023-03-05T19:50:53.429] [WARN] prod - Route: /favicon.ico 404 Not Found Method: GET 
[2023-03-05T19:51:13.214] [WARN] prod - Route: /favicon.ico 404 Not Found Method: GET 
[2023-03-05T19:58:27.684] [WARN] prod - Route: /favicon.ico 404 Not Found Method: GET 
[2023-03-05T19:59:53.864] [WARN] prod - Route: /favicon.ico 404 Not Found Method: GET 
[2023-03-05T20:00:00.710] [WARN] prod - Route: /favicon.ico 404 Not Found Method: GET 
[2023-03-05T20:01:17.752] [WARN] prod - Route: /favicon.ico 404 Not Found Method: GET 
[2023-03-05T20:01:21.039] [WARN] prod - Route: /favicon.ico 404 Not Found Method: GET 
[2023-03-05T20:02:18.841] [WARN] prod - Route: /favicon.ico 404 Not Found Method: GET 
[2023-03-05T20:03:49.982] [WARN] prod - Route: /favicon.ico 404 Not Found Method: GET 
[2023-03-05T20:05:02.979] [WARN] prod - Route: /favicon.ico 404 Not Found Method: GET 
[2023-03-05T20:08:28.478] [WARN] prod - Route: /favicon.ico 404 Not Found Method: GET 
[2023-03-05T20:09:31.734] [WARN] prod - Route: /favicon.ico 404 Not Found Method: GET 
[2023-03-05T20:11:15.487] [WARN] prod - Route: /favicon.ico 404 Not Found Method: GET 
[2023-03-05T20:11:52.263] [WARN] prod - Route: /favicon.ico 404 Not Found Method: GET 
[2023-03-05T20:11:57.255] [WARN] prod - Route: /favicon.ico 404 Not Found Method: GET 
[2023-03-05T20:12:42.687] [WARN] prod - Route: /favicon.ico 404 Not Found Method: GET 
[2023-03-05T20:14:57.523] [WARN] prod - Route: /favicon.ico 404 Not Found Method: GET 
[2023-03-05T20:16:38.556] [WARN] prod - Route: /favicon.ico 404 Not Found Method: GET 
[2023-03-05T20:52:50.281] [WARN] prod - Route: /favicon.ico 404 Not Found Method: GET 
[2023-03-05T20:54:06.719] [WARN] prod - Route: /favicon.ico 404 Not Found Method: GET 
[2023-03-05T20:54:19.214] [WARN] prod - Route: /favicon.ico 404 Not Found Method: GET 
[2023-03-05T20:55:06.572] [WARN] prod - Route: /favicon.ico 404 Not Found Method: GET 
[2023-03-05T20:58:18.833] [WARN] prod - Route: /favicon.ico 404 Not Found Method: GET 
[2023-03-05T20:58:38.382] [WARN] prod - Route: /favicon.ico 404 Not Found Method: GET 
[2023-03-05T23:23:10.512] [WARN] prod - Route: /favicon.ico 404 Not Found Method: GET 
[2023-03-05T23:23:45.077] [WARN] prod - Route: /favicon.ico 404 Not Found Method: GET 
[2023-03-05T23:24:04.116] [WARN] prod - Route: /favicon.ico 404 Not Found Method: GET 
[2023-03-05T23:24:24.674] [WARN] prod - Route: /favicon.ico 404 Not Found Method: GET 
[2023-03-05T23:24:28.554] [WARN] prod - Route: /favicon.ico 404 Not Found Method: GET 
[2023-03-05T23:26:42.576] [WARN] prod - Route: /favicon.ico 404 Not Found Method: GET 
[2023-03-05T23:27:13.022] [WARN] prod - Route: /favicon.ico 404 Not Found Method: GET 
[2023-03-05T23:27:23.875] [WARN] prod - Route: /favicon.ico 404 Not Found Method: GET 
[2023-03-05T23:39:00.211] [WARN] prod - Route: /favicon.ico 404 Not Found Method: GET 
[2023-03-05T23:39:05.467] [WARN] prod - Route: /favicon.ico 404 Not Found Method: GET 
[2023-03-05T23:39:07.760] [WARN] prod - Route: /favicon.ico 404 Not Found Method: GET 
[2023-03-05T23:40:47.499] [WARN] prod - Route: /favicon.ico 404 Not Found Method: GET 
[2023-03-05T23:48:14.160] [WARN] prod - Route: /favicon.ico 404 Not Found Method: GET 
[2023-03-05T23:49:21.550] [WARN] prod - Route: /favicon.ico 404 Not Found Method: GET 
[2023-03-05T23:49:25.180] [WARN] prod - Route: /favicon.ico 404 Not Found Method: GET 
[2023-03-05T23:53:50.412] [WARN] prod - Route: /favicon.ico 404 Not Found Method: GET 
[2023-03-05T23:55:08.037] [WARN] prod - Route: /favicon.ico 404 Not Found Method: GET 
[2023-03-05T23:55:48.773] [WARN] prod - Route: /favicon.ico 404 Not Found Method: GET 
[2023-03-05T23:57:09.492] [WARN] prod - Route: /favicon.ico 404 Not Found Method: GET 
[2023-03-06T00:01:51.003] [WARN] prod - Route: /favicon.ico 404 Not Found Method: GET 
[2023-03-06T00:01:55.063] [WARN] prod - Route: /favicon.ico 404 Not Found Method: GET 
[2023-03-06T00:01:56.684] [WARN] prod - Route: /favicon.ico 404 Not Found Method: GET 
[2023-03-06T00:02:22.353] [WARN] prod - Route: /favicon.ico 404 Not Found Method: GET 
[2023-03-06T00:02:55.299] [WARN] prod - Route: /favicon.ico 404 Not Found Method: GET 
[2023-03-06T00:06:33.770] [WARN] prod - Route: /favicon.ico 404 Not Found Method: GET 
[2023-03-06T00:06:54.208] [WARN] prod - Route: /favicon.ico 404 Not Found Method: GET 
[2023-03-06T00:08:36.490] [WARN] prod - Route: /favicon.ico 404 Not Found Method: GET 
[2023-03-06T00:08:59.658] [WARN] prod - Route: /favicon.ico 404 Not Found Method: GET 
[2023-03-06T00:10:49.567] [WARN] prod - Route: /favicon.ico 404 Not Found Method: GET 
[2023-03-06T00:16:28.791] [WARN] prod - Route: /favicon.ico 404 Not Found Method: GET 
[2023-03-06T00:16:32.502] [WARN] prod - Route: /favicon.ico 404 Not Found Method: GET 
[2023-03-06T00:18:11.475] [WARN] prod - Route: /favicon.ico 404 Not Found Method: GET 
[2023-03-06T00:19:50.227] [WARN] prod - Route: /favicon.ico 404 Not Found Method: GET 
[2023-03-06T00:20:06.989] [WARN] prod - Route: /favicon.ico 404 Not Found Method: GET 
[2023-03-06T00:20:10.192] [WARN] prod - Route: /favicon.ico 404 Not Found Method: GET 
[2023-03-06T00:21:48.196] [WARN] prod - Route: /favicon.ico 404 Not Found Method: GET 
[2023-03-06T00:22:03.940] [WARN] prod - Route: /favicon.ico 404 Not Found Method: GET 
[2023-03-06T00:22:06.842] [WARN] prod - Route: /favicon.ico 404 Not Found Method: GET 
[2023-03-06T00:23:42.878] [WARN] prod - Route: /favicon.ico 404 Not Found Method: GET 
[2023-03-06T00:24:25.755] [WARN] prod - Route: /favicon.ico 404 Not Found Method: GET 
[2023-03-06T00:24:45.621] [WARN] prod - Route: /favicon.ico 404 Not Found Method: GET 
[2023-03-06T00:28:09.669] [WARN] prod - Route: /favicon.ico 404 Not Found Method: GET 
[2023-03-06T00:28:13.412] [WARN] prod - Route: /favicon.ico 404 Not Found Method: GET 
[2023-03-06T00:28:15.587] [WARN] prod - Route: /favicon.ico 404 Not Found Method: GET 
[2023-03-06T00:30:55.380] [WARN] prod - Route: /favicon.ico 404 Not Found Method: GET 
[2023-03-06T00:32:20.197] [WARN] prod - Route: /favicon.ico 404 Not Found Method: GET 
[2023-03-06T00:33:39.324] [WARN] prod - Route: /favicon.ico 404 Not Found Method: GET 
[2023-03-06T00:34:50.639] [WARN] prod - Route: /favicon.ico 404 Not Found Method: GET 
[2023-03-06T00:35:28.908] [WARN] prod - Route: /favicon.ico 404 Not Found Method: GET 
[2023-03-06T00:36:05.811] [WARN] prod - Route: /favicon.ico 404 Not Found Method: GET 
[2023-03-06T19:33:48.251] [WARN] prod - Route: /favicon.ico 404 Not Found Method: GET 
[2023-03-06T19:33:54.469] [WARN] prod - Route: /favicon.ico 404 Not Found Method: GET 
[2023-03-06T19:33:56.261] [WARN] prod - Route: /favicon.ico 404 Not Found Method: GET 
[2023-03-06T19:42:33.982] [WARN] prod - Route: /favicon.ico 404 Not Found Method: GET 
[2023-03-06T19:43:01.865] [WARN] prod - Route: /favicon.ico 404 Not Found Method: GET 
[2023-03-06T19:48:36.085] [WARN] prod - Route: /favicon.ico 404 Not Found Method: GET 
[2023-03-06T19:48:39.671] [WARN] prod - Route: /favicon.ico 404 Not Found Method: GET 
[2023-03-06T19:48:41.205] [WARN] prod - Route: /favicon.ico 404 Not Found Method: GET 
[2023-03-06T19:49:03.088] [WARN] prod - Route: /favicon.ico 404 Not Found Method: GET 
[2023-03-06T19:49:42.993] [WARN] prod - Route: /favicon.ico 404 Not Found Method: GET 
[2023-03-06T19:50:38.097] [WARN] prod - Route: /favicon.ico 404 Not Found Method: GET 
[2023-03-06T19:51:48.679] [WARN] prod - Route: /favicon.ico 404 Not Found Method: GET 
[2023-03-06T19:53:01.998] [WARN] prod - Route: /favicon.ico 404 Not Found Method: GET 
[2023-03-06T19:53:42.842] [WARN] prod - Route: /favicon.ico 404 Not Found Method: GET 
[2023-03-06T19:53:56.179] [WARN] prod - Route: /favicon.ico 404 Not Found Method: GET 
[2023-03-06T19:54:45.772] [WARN] prod - Route: /favicon.ico 404 Not Found Method: GET 
[2023-03-06T19:56:46.562] [WARN] prod - Route: /favicon.ico 404 Not Found Method: GET 
[2023-03-06T19:56:48.233] [WARN] prod - Route: /favicon.ico 404 Not Found Method: GET 
[2023-03-06T19:58:28.069] [WARN] prod - Route: /favicon.ico 404 Not Found Method: GET 
[2023-03-06T19:59:08.311] [WARN] prod - Route: /favicon.ico 404 Not Found Method: GET 
[2023-03-06T19:59:11.846] [WARN] prod - Route: /favicon.ico 404 Not Found Method: GET 
[2023-03-06T19:59:17.414] [WARN] prod - Route: /favicon.ico 404 Not Found Method: GET 
[2023-03-06T20:00:35.601] [WARN] prod - Route: /favicon.ico 404 Not Found Method: GET 
[2023-03-06T20:00:44.113] [WARN] prod - Route: /favicon.ico 404 Not Found Method: GET 
[2023-03-06T20:00:47.083] [WARN] prod - Route: /favicon.ico 404 Not Found Method: GET 
[2023-03-06T20:02:08.373] [WARN] prod - Route: /favicon.ico 404 Not Found Method: GET 
[2023-03-06T20:02:22.110] [WARN] prod - Route: /favicon.ico 404 Not Found Method: GET 
[2023-03-06T20:02:24.617] [WARN] prod - Route: /favicon.ico 404 Not Found Method: GET 
[2023-03-06T20:02:26.690] [WARN] prod - Route: /favicon.ico 404 Not Found Method: GET 
[2023-03-06T20:02:30.357] [WARN] prod - Route: /favicon.ico 404 Not Found Method: GET 
[2023-03-06T20:02:32.997] [WARN] prod - Route: /favicon.ico 404 Not Found Method: GET 
[2023-03-06T20:02:35.565] [WARN] prod - Route: /favicon.ico 404 Not Found Method: GET 
[2023-03-06T20:02:39.878] [WARN] prod - Route: /favicon.ico 404 Not Found Method: GET 
[2023-03-06T20:02:42.477] [WARN] prod - Route: /favicon.ico 404 Not Found Method: GET 
[2023-03-06T20:02:48.922] [WARN] prod - Route: /favicon.ico 404 Not Found Method: GET 
[2023-03-06T20:02:53.643] [WARN] prod - Route: /favicon.ico 404 Not Found Method: GET 
[2023-03-06T20:09:05.324] [WARN] prod - Route: /favicon.ico 404 Not Found Method: GET 
[2023-03-06T20:09:10.539] [WARN] prod - Route: /favicon.ico 404 Not Found Method: GET 
[2023-03-06T20:10:09.285] [WARN] prod - Route: /favicon.ico 404 Not Found Method: GET 
[2023-03-06T20:10:13.081] [WARN] prod - Route: /favicon.ico 404 Not Found Method: GET 
[2023-03-06T20:10:22.246] [WARN] prod - Route: /favicon.ico 404 Not Found Method: GET 
[2023-03-06T20:17:01.675] [WARN] prod - Route: /favicon.ico 404 Not Found Method: GET 
[2023-03-06T20:17:04.465] [WARN] prod - Route: /favicon.ico 404 Not Found Method: GET 
[2023-03-06T20:27:17.116] [WARN] prod - Route: /favicon.ico 404 Not Found Method: GET 
[2023-03-06T20:27:20.798] [WARN] prod - Route: /favicon.ico 404 Not Found Method: GET 
[2023-03-06T20:27:22.549] [WARN] prod - Route: /favicon.ico 404 Not Found Method: GET 
[2023-03-06T20:29:39.639] [WARN] prod - Route: /favicon.ico 404 Not Found Method: GET 
[2023-03-06T20:29:41.273] [WARN] prod - Route: /favicon.ico 404 Not Found Method: GET 
[2023-03-06T20:32:14.453] [WARN] prod - Route: /favicon.ico 404 Not Found Method: GET 
[2023-03-06T20:32:17.824] [WARN] prod - Route: /favicon.ico 404 Not Found Method: GET 
